2025-11-21 22:54:53,442 - ERROR - File not found: path_to_your_document_here
2025-11-21 23:26:02,086 - WARNING - Xet Storage is enabled for this repo, but the 'hf_xet' package is not installed. Falling back to regular HTTP download. For better performance, install the package with: `pip install huggingface_hub[hf_xet]` or `pip install hf_xet`
2025-11-21 23:26:12,850 - WARNING - Error while downloading from https://huggingface.co/DeepPavlov/rubert-base-cased/resolve/main/pytorch_model.bin: HTTPSConnectionPool(host='cas-bridge.xethub.hf.co', port=443): Read timed out.
Trying to resume download...
2025-11-21 23:26:24,879 - WARNING - Error while downloading from https://huggingface.co/DeepPavlov/rubert-base-cased/resolve/main/pytorch_model.bin: HTTPSConnectionPool(host='cas-bridge.xethub.hf.co', port=443): Read timed out.
Trying to resume download...
2025-11-21 23:26:37,065 - WARNING - Error while downloading from https://huggingface.co/DeepPavlov/rubert-base-cased/resolve/main/pytorch_model.bin: HTTPSConnectionPool(host='cas-bridge.xethub.hf.co', port=443): Read timed out.
Trying to resume download...
2025-11-21 23:26:49,120 - WARNING - Error while downloading from https://huggingface.co/DeepPavlov/rubert-base-cased/resolve/main/pytorch_model.bin: HTTPSConnectionPool(host='cas-bridge.xethub.hf.co', port=443): Read timed out.
Trying to resume download...
2025-11-21 23:27:01,338 - WARNING - Error while downloading from https://huggingface.co/DeepPavlov/rubert-base-cased/resolve/main/pytorch_model.bin: HTTPSConnectionPool(host='cas-bridge.xethub.hf.co', port=443): Read timed out.
Trying to resume download...
2025-11-21 23:27:13,501 - WARNING - Error while downloading from https://huggingface.co/DeepPavlov/rubert-base-cased/resolve/main/pytorch_model.bin: HTTPSConnectionPool(host='cas-bridge.xethub.hf.co', port=443): Read timed out.
Max retries exceeded.
2025-11-21 23:27:13,696 - WARNING - Xet Storage is enabled for this repo, but the 'hf_xet' package is not installed. Falling back to regular HTTP download. For better performance, install the package with: `pip install huggingface_hub[hf_xet]` or `pip install hf_xet`
2025-11-21 23:27:24,354 - WARNING - Error while downloading from https://huggingface.co/DeepPavlov/rubert-base-cased/resolve/main/pytorch_model.bin: HTTPSConnectionPool(host='cas-bridge.xethub.hf.co', port=443): Read timed out.
Trying to resume download...
2025-11-21 23:27:36,453 - WARNING - Error while downloading from https://huggingface.co/DeepPavlov/rubert-base-cased/resolve/main/pytorch_model.bin: HTTPSConnectionPool(host='cas-bridge.xethub.hf.co', port=443): Read timed out.
Trying to resume download...
2025-11-21 23:28:14,913 - WARNING - Xet Storage is enabled for this repo, but the 'hf_xet' package is not installed. Falling back to regular HTTP download. For better performance, install the package with: `pip install huggingface_hub[hf_xet]` or `pip install hf_xet`
2025-11-21 23:28:25,896 - WARNING - Error while downloading from https://huggingface.co/bert-base-multilingual-cased/resolve/main/model.safetensors: HTTPSConnectionPool(host='cas-bridge.xethub.hf.co', port=443): Read timed out.
Trying to resume download...
2025-11-21 23:28:37,922 - WARNING - Error while downloading from https://huggingface.co/bert-base-multilingual-cased/resolve/main/model.safetensors: HTTPSConnectionPool(host='cas-bridge.xethub.hf.co', port=443): Read timed out.
Trying to resume download...
2025-11-21 23:28:50,149 - WARNING - Error while downloading from https://huggingface.co/bert-base-multilingual-cased/resolve/main/model.safetensors: HTTPSConnectionPool(host='cas-bridge.xethub.hf.co', port=443): Read timed out.
Trying to resume download...
2025-11-21 23:29:02,121 - WARNING - Error while downloading from https://huggingface.co/bert-base-multilingual-cased/resolve/main/model.safetensors: HTTPSConnectionPool(host='cas-bridge.xethub.hf.co', port=443): Read timed out.
Trying to resume download...
2025-11-21 23:29:14,480 - WARNING - Error while downloading from https://huggingface.co/bert-base-multilingual-cased/resolve/main/model.safetensors: HTTPSConnectionPool(host='cas-bridge.xethub.hf.co', port=443): Read timed out.
Trying to resume download...
2025-11-22 00:11:00,717 - WARNING - Xet Storage is enabled for this repo, but the 'hf_xet' package is not installed. Falling back to regular HTTP download. For better performance, install the package with: `pip install huggingface_hub[hf_xet]` or `pip install hf_xet`
2025-11-22 00:11:12,754 - WARNING - Error while downloading from https://huggingface.co/DeepPavlov/rubert-base-cased/resolve/main/pytorch_model.bin: HTTPSConnectionPool(host='cas-bridge.xethub.hf.co', port=443): Read timed out.
Trying to resume download...
2025-11-22 00:11:25,223 - WARNING - Error while downloading from https://huggingface.co/DeepPavlov/rubert-base-cased/resolve/main/pytorch_model.bin: HTTPSConnectionPool(host='cas-bridge.xethub.hf.co', port=443): Read timed out.
Trying to resume download...
2025-11-22 00:11:37,325 - WARNING - '(ReadTimeoutError("HTTPSConnectionPool(host='cas-bridge.xethub.hf.co', port=443): Read timed out. (read timeout=10)"), '(Request ID: f34511b7-9838-4723-964a-85859927ced3)')' thrown while requesting GET https://huggingface.co/DeepPavlov/rubert-base-cased/resolve/main/pytorch_model.bin
2025-11-22 00:11:37,326 - WARNING - Retrying in 1s [Retry 1/5].
2025-11-24 22:47:41,744 - ERROR - Sender/recipient extraction failed: list index out of range
